<?xml version="1.0" encoding="UTF-8"?>
<!-- Generated by org.testng.reporters.JUnitXMLReporter -->
<testsuite ignored="0" hostname="Zebronics" failures="0" tests="3" name="Test" time="9.043" errors="0" timestamp="2024-04-25T16:21:11 IST">
  <testcase classname="com.learn.Tests.LoginTest" name="Login" time="0.232"/>
  <testcase classname="com.learn.Tests.HomeTest" name="SignOut" time="1.115"/>
  <testcase classname="com.learn.Tests.RegisterationTest" name="registerUser" time="1.151"/>
</testsuite> <!-- Test -->
