<?xml version="1.0" encoding="UTF-8"?>
<testng-results ignored="0" total="3" passed="3" failed="0" skipped="0">
  <reporter-output>
    <line>
      <![CDATA[starting the browser]]>
    </line>
    <line>
      <![CDATA[starting the browser]]>
    </line>
    <line>
      <![CDATA[starting the browser]]>
    </line>
  </reporter-output>
  <suite started-at="2024-04-25T16:21:02 IST" name="Suite" finished-at="2024-04-25T16:21:11 IST" duration-ms="9043">
    <groups>
    </groups>
    <test started-at="2024-04-25T16:21:02 IST" name="Test" finished-at="2024-04-25T16:21:11 IST" duration-ms="9043">
      <class name="com.learn.Tests.RegisterationTest">
        <test-method is-config="true" signature="startUp()[pri:0, instance:com.learn.Tests.RegisterationTest@5884a914]" started-at="2024-04-25T16:21:08 IST" name="startUp" finished-at="2024-04-25T16:21:10 IST" duration-ms="1748" status="PASS">
          <reporter-output>
            <line>
              <![CDATA[starting the browser]]>
            </line>
          </reporter-output>
        </test-method> <!-- startUp -->
        <test-method signature="registerUser(java.lang.String,java.lang.String,java.lang.String,java.lang.String,java.lang.String)[pri:0, instance:com.learn.Tests.RegisterationTest@5884a914]" started-at="2024-04-25T16:21:10 IST" name="registerUser" data-provider="TestData1" finished-at="2024-04-25T16:21:11 IST" duration-ms="1151" status="PASS">
          <params>
            <param index="0">
              <value>
                <![CDATA[g1]]>
              </value>
            </param>
            <param index="1">
              <value>
                <![CDATA[g1@email]]>
              </value>
            </param>
            <param index="2">
              <value>
                <![CDATA[123g1]]>
              </value>
            </param>
            <param index="3">
              <value>
                <![CDATA[Assam]]>
              </value>
            </param>
            <param index="4">
              <value>
                <![CDATA[Swimming]]>
              </value>
            </param>
          </params>
          <reporter-output>
          </reporter-output>
        </test-method> <!-- registerUser -->
        <test-method is-config="true" signature="end()[pri:0, instance:com.learn.Tests.RegisterationTest@5884a914]" started-at="2024-04-25T16:21:11 IST" name="end" finished-at="2024-04-25T16:21:11 IST" duration-ms="1" status="PASS">
          <reporter-output>
          </reporter-output>
        </test-method> <!-- end -->
      </class> <!-- com.learn.Tests.RegisterationTest -->
      <class name="com.learn.Tests.HomeTest">
        <test-method is-config="true" signature="startUp()[pri:0, instance:com.learn.Tests.HomeTest@7b4c50bc]" started-at="2024-04-25T16:21:05 IST" name="startUp" finished-at="2024-04-25T16:21:07 IST" duration-ms="1703" status="PASS">
          <reporter-output>
            <line>
              <![CDATA[starting the browser]]>
            </line>
          </reporter-output>
        </test-method> <!-- startUp -->
        <test-method signature="SignOut()[pri:0, instance:com.learn.Tests.HomeTest@7b4c50bc]" started-at="2024-04-25T16:21:07 IST" name="SignOut" finished-at="2024-04-25T16:21:08 IST" duration-ms="1115" status="PASS">
          <reporter-output>
          </reporter-output>
        </test-method> <!-- SignOut -->
        <test-method is-config="true" signature="end()[pri:0, instance:com.learn.Tests.HomeTest@7b4c50bc]" started-at="2024-04-25T16:21:08 IST" name="end" finished-at="2024-04-25T16:21:08 IST" duration-ms="0" status="PASS">
          <reporter-output>
          </reporter-output>
        </test-method> <!-- end -->
      </class> <!-- com.learn.Tests.HomeTest -->
      <class name="com.learn.Tests.LoginTest">
        <test-method is-config="true" signature="startUp()[pri:0, instance:com.learn.Tests.LoginTest@55de24cc]" started-at="2024-04-25T16:21:02 IST" name="startUp" finished-at="2024-04-25T16:21:05 IST" duration-ms="2538" status="PASS">
          <reporter-output>
            <line>
              <![CDATA[starting the browser]]>
            </line>
          </reporter-output>
        </test-method> <!-- startUp -->
        <test-method signature="Login()[pri:0, instance:com.learn.Tests.LoginTest@55de24cc]" started-at="2024-04-25T16:21:05 IST" name="Login" finished-at="2024-04-25T16:21:05 IST" duration-ms="232" status="PASS">
          <reporter-output>
          </reporter-output>
        </test-method> <!-- Login -->
        <test-method is-config="true" signature="end()[pri:0, instance:com.learn.Tests.LoginTest@55de24cc]" started-at="2024-04-25T16:21:05 IST" name="end" finished-at="2024-04-25T16:21:05 IST" duration-ms="1" status="PASS">
          <reporter-output>
          </reporter-output>
        </test-method> <!-- end -->
      </class> <!-- com.learn.Tests.LoginTest -->
    </test> <!-- Test -->
  </suite> <!-- Suite -->
</testng-results>
